<?xml version="1.0" encoding="UTF-8" ?>
<testsuites>
<testsuite name="Reverb" errors="0" tests="5" failures="0" time="0.211" timestamp="2011-08-25T10:20:07">
  <testcase classname="Reverb" name="should accept tweets with 0 retweets if no reverb level is set" time="0.056"></testcase>
  <testcase classname="Reverb" name="should filter a tweet with a retweet count smaller than the reverb level" time="0.079"></testcase>
  <testcase classname="Reverb" name="should accept a tweet with a retweet count of &apos;100+&apos;" time="0.03"></testcase>
  <testcase classname="Reverb" name="should render 2 birds if the retweet count is 2" time="0.022"></testcase>
  <testcase classname="Reverb" name="should render 50 birds with &apos;..&apos; if the retweet count is more than 50" time="0.022"></testcase>
</testsuite>
</testsuites>